<?xml version="1.0" encoding="UTF-8"?>
<testsuite xmlns:xsi="http://www.w3.org/2001/XMLSchema-instance" xsi:noNamespaceSchemaLocation="https://maven.apache.org/surefire/maven-surefire-plugin/xsd/surefire-test-report-3.0.xsd" version="3.0" name="bor.tools.simplellm.impl.OllamaChatTest" time="2.519" tests="8" errors="7" skipped="0" failures="0">
  <properties>
    <property name="java.specification.version" value="23"/>
    <property name="sun.jnu.encoding" value="UTF-8"/>
    <property name="java.class.path" value="/mnt/f/1-ProjetosIA/github/JSimpleLLM/target/test-classes:/mnt/f/1-ProjetosIA/github/JSimpleLLM/target/classes:/home/aless/.m2/repository/org/projectlombok/lombok/1.18.38/lombok-1.18.38.jar:/home/aless/.m2/repository/com/fasterxml/jackson/core/jackson-core/2.19.1/jackson-core-2.19.1.jar:/home/aless/.m2/repository/com/fasterxml/jackson/core/jackson-databind/2.20.0/jackson-databind-2.20.0.jar:/home/aless/.m2/repository/com/fasterxml/jackson/core/jackson-annotations/2.20/jackson-annotations-2.20.jar:/home/aless/.m2/repository/com/squareup/okhttp3/okhttp/4.12.0/okhttp-4.12.0.jar:/home/aless/.m2/repository/com/squareup/okio/okio/3.6.0/okio-3.6.0.jar:/home/aless/.m2/repository/com/squareup/okio/okio-jvm/3.6.0/okio-jvm-3.6.0.jar:/home/aless/.m2/repository/org/jetbrains/kotlin/kotlin-stdlib-common/1.9.10/kotlin-stdlib-common-1.9.10.jar:/home/aless/.m2/repository/org/jetbrains/kotlin/kotlin-stdlib-jdk8/1.8.21/kotlin-stdlib-jdk8-1.8.21.jar:/home/aless/.m2/repository/org/jetbrains/kotlin/kotlin-stdlib/1.8.21/kotlin-stdlib-1.8.21.jar:/home/aless/.m2/repository/org/jetbrains/annotations/13.0/annotations-13.0.jar:/home/aless/.m2/repository/org/jetbrains/kotlin/kotlin-stdlib-jdk7/1.8.21/kotlin-stdlib-jdk7-1.8.21.jar:/home/aless/.m2/repository/org/junit/jupiter/junit-jupiter/5.10.1/junit-jupiter-5.10.1.jar:/home/aless/.m2/repository/org/junit/jupiter/junit-jupiter-api/5.10.1/junit-jupiter-api-5.10.1.jar:/home/aless/.m2/repository/org/opentest4j/opentest4j/1.3.0/opentest4j-1.3.0.jar:/home/aless/.m2/repository/org/junit/platform/junit-platform-commons/1.10.1/junit-platform-commons-1.10.1.jar:/home/aless/.m2/repository/org/apiguardian/apiguardian-api/1.1.2/apiguardian-api-1.1.2.jar:/home/aless/.m2/repository/org/junit/jupiter/junit-jupiter-params/5.10.1/junit-jupiter-params-5.10.1.jar:/home/aless/.m2/repository/org/junit/jupiter/junit-jupiter-engine/5.10.1/junit-jupiter-engine-5.10.1.jar:/home/aless/.m2/repository/org/junit/platform/junit-platform-engine/1.10.1/junit-platform-engine-1.10.1.jar:/home/aless/.m2/repository/org/mockito/mockito-core/5.8.0/mockito-core-5.8.0.jar:/home/aless/.m2/repository/net/bytebuddy/byte-buddy/1.14.10/byte-buddy-1.14.10.jar:/home/aless/.m2/repository/net/bytebuddy/byte-buddy-agent/1.14.10/byte-buddy-agent-1.14.10.jar:/home/aless/.m2/repository/org/objenesis/objenesis/3.3/objenesis-3.3.jar:/home/aless/.m2/repository/org/mockito/mockito-junit-jupiter/5.8.0/mockito-junit-jupiter-5.8.0.jar:"/>
    <property name="java.vm.vendor" value="Ubuntu"/>
    <property name="sun.arch.data.model" value="64"/>
    <property name="java.vendor.url" value="https://ubuntu.com/"/>
    <property name="user.timezone" value="America/Sao_Paulo"/>
    <property name="os.name" value="Linux"/>
    <property name="java.vm.specification.version" value="23"/>
    <property name="sun.java.launcher" value="SUN_STANDARD"/>
    <property name="sun.boot.library.path" value="/usr/lib/jvm/java-23-openjdk-amd64/lib"/>
    <property name="sun.java.command" value="/mnt/f/1-ProjetosIA/github/JSimpleLLM/target/surefire/surefirebooter-20250908113752308_3.jar /mnt/f/1-ProjetosIA/github/JSimpleLLM/target/surefire 2025-09-08T11-37-51_400-jvmRun1 surefire-20250908113752308_1tmp surefire_0-20250908113752308_2tmp"/>
    <property name="jdk.debug" value="release"/>
    <property name="test" value="Ollama*"/>
    <property name="surefire.test.class.path" value="/mnt/f/1-ProjetosIA/github/JSimpleLLM/target/test-classes:/mnt/f/1-ProjetosIA/github/JSimpleLLM/target/classes:/home/aless/.m2/repository/org/projectlombok/lombok/1.18.38/lombok-1.18.38.jar:/home/aless/.m2/repository/com/fasterxml/jackson/core/jackson-core/2.19.1/jackson-core-2.19.1.jar:/home/aless/.m2/repository/com/fasterxml/jackson/core/jackson-databind/2.20.0/jackson-databind-2.20.0.jar:/home/aless/.m2/repository/com/fasterxml/jackson/core/jackson-annotations/2.20/jackson-annotations-2.20.jar:/home/aless/.m2/repository/com/squareup/okhttp3/okhttp/4.12.0/okhttp-4.12.0.jar:/home/aless/.m2/repository/com/squareup/okio/okio/3.6.0/okio-3.6.0.jar:/home/aless/.m2/repository/com/squareup/okio/okio-jvm/3.6.0/okio-jvm-3.6.0.jar:/home/aless/.m2/repository/org/jetbrains/kotlin/kotlin-stdlib-common/1.9.10/kotlin-stdlib-common-1.9.10.jar:/home/aless/.m2/repository/org/jetbrains/kotlin/kotlin-stdlib-jdk8/1.8.21/kotlin-stdlib-jdk8-1.8.21.jar:/home/aless/.m2/repository/org/jetbrains/kotlin/kotlin-stdlib/1.8.21/kotlin-stdlib-1.8.21.jar:/home/aless/.m2/repository/org/jetbrains/annotations/13.0/annotations-13.0.jar:/home/aless/.m2/repository/org/jetbrains/kotlin/kotlin-stdlib-jdk7/1.8.21/kotlin-stdlib-jdk7-1.8.21.jar:/home/aless/.m2/repository/org/junit/jupiter/junit-jupiter/5.10.1/junit-jupiter-5.10.1.jar:/home/aless/.m2/repository/org/junit/jupiter/junit-jupiter-api/5.10.1/junit-jupiter-api-5.10.1.jar:/home/aless/.m2/repository/org/opentest4j/opentest4j/1.3.0/opentest4j-1.3.0.jar:/home/aless/.m2/repository/org/junit/platform/junit-platform-commons/1.10.1/junit-platform-commons-1.10.1.jar:/home/aless/.m2/repository/org/apiguardian/apiguardian-api/1.1.2/apiguardian-api-1.1.2.jar:/home/aless/.m2/repository/org/junit/jupiter/junit-jupiter-params/5.10.1/junit-jupiter-params-5.10.1.jar:/home/aless/.m2/repository/org/junit/jupiter/junit-jupiter-engine/5.10.1/junit-jupiter-engine-5.10.1.jar:/home/aless/.m2/repository/org/junit/platform/junit-platform-engine/1.10.1/junit-platform-engine-1.10.1.jar:/home/aless/.m2/repository/org/mockito/mockito-core/5.8.0/mockito-core-5.8.0.jar:/home/aless/.m2/repository/net/bytebuddy/byte-buddy/1.14.10/byte-buddy-1.14.10.jar:/home/aless/.m2/repository/net/bytebuddy/byte-buddy-agent/1.14.10/byte-buddy-agent-1.14.10.jar:/home/aless/.m2/repository/org/objenesis/objenesis/3.3/objenesis-3.3.jar:/home/aless/.m2/repository/org/mockito/mockito-junit-jupiter/5.8.0/mockito-junit-jupiter-5.8.0.jar:"/>
    <property name="sun.cpu.endian" value="little"/>
    <property name="user.home" value="/home/aless"/>
    <property name="user.language" value="en"/>
    <property name="java.specification.vendor" value="Oracle Corporation"/>
    <property name="java.version.date" value="2025-01-21"/>
    <property name="java.home" value="/usr/lib/jvm/java-23-openjdk-amd64"/>
    <property name="file.separator" value="/"/>
    <property name="basedir" value="/mnt/f/1-ProjetosIA/github/JSimpleLLM"/>
    <property name="java.vm.compressedOopsMode" value="32-bit"/>
    <property name="line.separator" value="&#10;"/>
    <property name="java.vm.specification.vendor" value="Oracle Corporation"/>
    <property name="java.specification.name" value="Java Platform API Specification"/>
    <property name="surefire.real.class.path" value="/mnt/f/1-ProjetosIA/github/JSimpleLLM/target/surefire/surefirebooter-20250908113752308_3.jar"/>
    <property name="java.util.logging.config.file" value="src/test/resources/logging.properties"/>
    <property name="sun.management.compiler" value="HotSpot 64-Bit Tiered Compilers"/>
    <property name="java.runtime.version" value="23.0.2+7-Ubuntu-1ubuntu124.04"/>
    <property name="user.name" value="aless"/>
    <property name="stdout.encoding" value="UTF-8"/>
    <property name="path.separator" value=":"/>
    <property name="os.version" value="6.6.87.2-microsoft-standard-WSL2"/>
    <property name="java.runtime.name" value="OpenJDK Runtime Environment"/>
    <property name="file.encoding" value="UTF-8"/>
    <property name="java.vm.name" value="OpenJDK 64-Bit Server VM"/>
    <property name="localRepository" value="/home/aless/.m2/repository"/>
    <property name="java.vendor.url.bug" value="https://bugs.launchpad.net/ubuntu/+source/openjdk-23"/>
    <property name="java.io.tmpdir" value="/tmp"/>
    <property name="java.version" value="23.0.2"/>
    <property name="user.dir" value="/mnt/f/1-ProjetosIA/github/JSimpleLLM"/>
    <property name="os.arch" value="amd64"/>
    <property name="java.vm.specification.name" value="Java Virtual Machine Specification"/>
    <property name="native.encoding" value="UTF-8"/>
    <property name="java.library.path" value="/usr/local/cuda-12.6/lib64:/usr/java/packages/lib:/usr/lib/x86_64-linux-gnu/jni:/lib/x86_64-linux-gnu:/usr/lib/x86_64-linux-gnu:/usr/lib/jni:/lib:/usr/lib"/>
    <property name="stderr.encoding" value="UTF-8"/>
    <property name="java.vm.info" value="mixed mode, sharing"/>
    <property name="java.vendor" value="Ubuntu"/>
    <property name="java.vm.version" value="23.0.2+7-Ubuntu-1ubuntu124.04"/>
    <property name="sun.io.unicode.encoding" value="UnicodeLittle"/>
    <property name="java.class.version" value="67.0"/>
  </properties>
  <testcase name="testMultiTurnConversation" classname="bor.tools.simplellm.impl.OllamaChatTest" time="2.323">
    <error message="API request failed with status: 404 - {&quot;error&quot;:{&quot;message&quot;:&quot;model \&quot;llava:latest\&quot; not found, try pulling it first&quot;,&quot;type&quot;:&quot;api_error&quot;,&quot;param&quot;:null,&quot;code&quot;:null}}&#10;" type="bor.tools.simplellm.exceptions.LLMException"><![CDATA[bor.tools.simplellm.exceptions.LLMException: 
API request failed with status: 404 - {"error":{"message":"model \"llava:latest\" not found, try pulling it first","type":"api_error","param":null,"code":null}}

	at bor.tools.simplellm.impl.OpenAILLMService.handleHttpResponse(OpenAILLMService.java:243)
	at bor.tools.simplellm.impl.OpenAILLMService.postRequest(OpenAILLMService.java:186)
	at bor.tools.simplellm.impl.OpenAILLMService.chatCompletion(OpenAILLMService.java:613)
	at bor.tools.simplellm.impl.OllamaChatTest.testMultiTurnConversation(OllamaChatTest.java:98)
	at java.base/java.lang.reflect.Method.invoke(Method.java:580)
	at java.base/java.util.ArrayList.forEach(ArrayList.java:1597)
	at java.base/java.util.ArrayList.forEach(ArrayList.java:1597)
]]></error>
  </testcase>
  <testcase name="testProgrammingAssistance" classname="bor.tools.simplellm.impl.OllamaChatTest" time="0.015">
    <error message="API request failed with status: 404 - {&quot;error&quot;:{&quot;message&quot;:&quot;model \&quot;llava:latest\&quot; not found, try pulling it first&quot;,&quot;type&quot;:&quot;api_error&quot;,&quot;param&quot;:null,&quot;code&quot;:null}}&#10;" type="bor.tools.simplellm.exceptions.LLMException"><![CDATA[bor.tools.simplellm.exceptions.LLMException: 
API request failed with status: 404 - {"error":{"message":"model \"llava:latest\" not found, try pulling it first","type":"api_error","param":null,"code":null}}

	at bor.tools.simplellm.impl.OpenAILLMService.handleHttpResponse(OpenAILLMService.java:243)
	at bor.tools.simplellm.impl.OpenAILLMService.postRequest(OpenAILLMService.java:186)
	at bor.tools.simplellm.impl.OpenAILLMService.chatCompletion(OpenAILLMService.java:613)
	at bor.tools.simplellm.impl.OllamaChatTest.testProgrammingAssistance(OllamaChatTest.java:214)
	at java.base/java.lang.reflect.Method.invoke(Method.java:580)
	at java.base/java.util.ArrayList.forEach(ArrayList.java:1597)
	at java.base/java.util.ArrayList.forEach(ArrayList.java:1597)
]]></error>
  </testcase>
  <testcase name="testEmptyChat" classname="bor.tools.simplellm.impl.OllamaChatTest" time="0.011">
    <error message="API request failed with status: 404 - {&quot;error&quot;:{&quot;message&quot;:&quot;model \&quot;llava:latest\&quot; not found, try pulling it first&quot;,&quot;type&quot;:&quot;api_error&quot;,&quot;param&quot;:null,&quot;code&quot;:null}}&#10;" type="bor.tools.simplellm.exceptions.LLMException"><![CDATA[bor.tools.simplellm.exceptions.LLMException: 
API request failed with status: 404 - {"error":{"message":"model \"llava:latest\" not found, try pulling it first","type":"api_error","param":null,"code":null}}

	at bor.tools.simplellm.impl.OpenAILLMService.handleHttpResponse(OpenAILLMService.java:243)
	at bor.tools.simplellm.impl.OpenAILLMService.postRequest(OpenAILLMService.java:186)
	at bor.tools.simplellm.impl.OpenAILLMService.chatCompletion(OpenAILLMService.java:613)
	at bor.tools.simplellm.impl.OllamaChatTest.testEmptyChat(OllamaChatTest.java:151)
	at java.base/java.lang.reflect.Method.invoke(Method.java:580)
	at java.base/java.util.ArrayList.forEach(ArrayList.java:1597)
	at java.base/java.util.ArrayList.forEach(ArrayList.java:1597)
]]></error>
  </testcase>
  <testcase name="testBasicChatCompletion" classname="bor.tools.simplellm.impl.OllamaChatTest" time="0.013">
    <error message="API request failed with status: 404 - {&quot;error&quot;:{&quot;message&quot;:&quot;model \&quot;llava:latest\&quot; not found, try pulling it first&quot;,&quot;type&quot;:&quot;api_error&quot;,&quot;param&quot;:null,&quot;code&quot;:null}}&#10;" type="bor.tools.simplellm.exceptions.LLMException"><![CDATA[bor.tools.simplellm.exceptions.LLMException: 
API request failed with status: 404 - {"error":{"message":"model \"llava:latest\" not found, try pulling it first","type":"api_error","param":null,"code":null}}

	at bor.tools.simplellm.impl.OpenAILLMService.handleHttpResponse(OpenAILLMService.java:243)
	at bor.tools.simplellm.impl.OpenAILLMService.postRequest(OpenAILLMService.java:186)
	at bor.tools.simplellm.impl.OpenAILLMService.chatCompletion(OpenAILLMService.java:613)
	at bor.tools.simplellm.impl.OllamaChatTest.testBasicChatCompletion(OllamaChatTest.java:34)
	at java.base/java.lang.reflect.Method.invoke(Method.java:580)
	at java.base/java.util.ArrayList.forEach(ArrayList.java:1597)
	at java.base/java.util.ArrayList.forEach(ArrayList.java:1597)
]]></error>
  </testcase>
  <testcase name="testChatWithCustomModel" classname="bor.tools.simplellm.impl.OllamaChatTest" time="0.012">
    <error message="API request failed with status: 404 - {&quot;error&quot;:{&quot;message&quot;:&quot;model \&quot;llava:latest\&quot; not found, try pulling it first&quot;,&quot;type&quot;:&quot;api_error&quot;,&quot;param&quot;:null,&quot;code&quot;:null}}&#10;" type="bor.tools.simplellm.exceptions.LLMException"><![CDATA[bor.tools.simplellm.exceptions.LLMException: 
API request failed with status: 404 - {"error":{"message":"model \"llava:latest\" not found, try pulling it first","type":"api_error","param":null,"code":null}}

	at bor.tools.simplellm.impl.OpenAILLMService.handleHttpResponse(OpenAILLMService.java:243)
	at bor.tools.simplellm.impl.OpenAILLMService.postRequest(OpenAILLMService.java:186)
	at bor.tools.simplellm.impl.OpenAILLMService.chatCompletion(OpenAILLMService.java:613)
	at bor.tools.simplellm.impl.OllamaChatTest.testChatWithCustomModel(OllamaChatTest.java:130)
	at java.base/java.lang.reflect.Method.invoke(Method.java:580)
	at java.base/java.util.ArrayList.forEach(ArrayList.java:1597)
	at java.base/java.util.ArrayList.forEach(ArrayList.java:1597)
]]></error>
  </testcase>
  <testcase name="testChatCompletionWithoutQuery" classname="bor.tools.simplellm.impl.OllamaChatTest" time="0.011">
    <error message="API request failed with status: 404 - {&quot;error&quot;:{&quot;message&quot;:&quot;model \&quot;llava:latest\&quot; not found, try pulling it first&quot;,&quot;type&quot;:&quot;api_error&quot;,&quot;param&quot;:null,&quot;code&quot;:null}}&#10;" type="bor.tools.simplellm.exceptions.LLMException"><![CDATA[bor.tools.simplellm.exceptions.LLMException: 
API request failed with status: 404 - {"error":{"message":"model \"llava:latest\" not found, try pulling it first","type":"api_error","param":null,"code":null}}

	at bor.tools.simplellm.impl.OpenAILLMService.handleHttpResponse(OpenAILLMService.java:243)
	at bor.tools.simplellm.impl.OpenAILLMService.postRequest(OpenAILLMService.java:186)
	at bor.tools.simplellm.impl.OpenAILLMService.chatCompletion(OpenAILLMService.java:613)
	at bor.tools.simplellm.impl.OllamaChatTest.testChatCompletionWithoutQuery(OllamaChatTest.java:69)
	at java.base/java.lang.reflect.Method.invoke(Method.java:580)
	at java.base/java.util.ArrayList.forEach(ArrayList.java:1597)
	at java.base/java.util.ArrayList.forEach(ArrayList.java:1597)
]]></error>
  </testcase>
  <testcase name="testChatWithNullChat" classname="bor.tools.simplellm.impl.OllamaChatTest" time="0.014"/>
  <testcase name="testChatContextPreservation" classname="bor.tools.simplellm.impl.OllamaChatTest" time="0.011">
    <error message="API request failed with status: 404 - {&quot;error&quot;:{&quot;message&quot;:&quot;model \&quot;llava:latest\&quot; not found, try pulling it first&quot;,&quot;type&quot;:&quot;api_error&quot;,&quot;param&quot;:null,&quot;code&quot;:null}}&#10;" type="bor.tools.simplellm.exceptions.LLMException"><![CDATA[bor.tools.simplellm.exceptions.LLMException: 
API request failed with status: 404 - {"error":{"message":"model \"llava:latest\" not found, try pulling it first","type":"api_error","param":null,"code":null}}

	at bor.tools.simplellm.impl.OpenAILLMService.handleHttpResponse(OpenAILLMService.java:243)
	at bor.tools.simplellm.impl.OpenAILLMService.postRequest(OpenAILLMService.java:186)
	at bor.tools.simplellm.impl.OpenAILLMService.chatCompletion(OpenAILLMService.java:613)
	at bor.tools.simplellm.impl.OllamaChatTest.testChatContextPreservation(OllamaChatTest.java:177)
	at java.base/java.lang.reflect.Method.invoke(Method.java:580)
	at java.base/java.util.ArrayList.forEach(ArrayList.java:1597)
	at java.base/java.util.ArrayList.forEach(ArrayList.java:1597)
]]></error>
  </testcase>
</testsuite>